生成启动时间为 2024/7/1 13:15:13。
     1>项目“C:\Users\user3520\Git_Project\YYS_MFC\YYS_MFC\YYS_MFC\YYS_MFC\YYS_MFC.vcxproj”在节点 2 上(Build 个目标)。
     1>ClCompile:
         C:\Program Files (x86)\Microsoft Visual Studio 14.0\VC\bin\CL.exe /c /Zi /nologo /W3 /WX- /sdl /O2 /Oi /Oy- /GL /D WIN32 /D _WINDOWS /D NDEBUG /D _CRT_SECURE_NO_WARNINGS /D _MBCS /Gm- /EHsc /MT /GS /Gy /fp:precise /Zc:wchar_t /Zc:forScope /Zc:inline /Yu"stdafx.h" /Fp"Release\YYS_MFC.pch" /Fo"Release\\" /Fd"Release\vc140.pdb" /Gd /TP /analyze- /errorReport:prompt MyPicture.cpp
         MyPicture.cpp
       Link:
         C:\Program Files (x86)\Microsoft Visual Studio 14.0\VC\bin\link.exe /ERRORREPORT:PROMPT /OUT:"C:\Users\user3520\Git_Project\YYS_MFC\YYS_MFC\YYS_MFC\Release\YYS_MFC.exe" /INCREMENTAL:NO /NOLOGO /MANIFEST /MANIFESTUAC:"level='requireAdministrator' uiAccess='false'" /manifest:embed /manifestinput:"C:\Program Files (x86)\Microsoft Visual Studio 14.0\VC\Include\Manifest\dpiaware.manifest" /Debug /PDB:"C:\Users\user3520\Git_Project\YYS_MFC\YYS_MFC\YYS_MFC\Release\YYS_MFC.pdb" /SUBSYSTEM:WINDOWS /OPT:REF /OPT:ICF /LTCG:incremental /TLBID:1 /DYNAMICBASE /NXCOMPAT /IMPLIB:"C:\Users\user3520\Git_Project\YYS_MFC\YYS_MFC\YYS_MFC\Release\YYS_MFC.lib" /MACHINE:X86 /SAFESEH Release\YYS_MFC.res
         Release\DialogBK.obj
         Release\Function.obj
         Release\MyPicture.obj
         Release\stdafx.obj
         Release\YYS_MFC.obj
         Release\YYS_MFCDlg.obj
         正在生成代码
         1 of 844 functions ( 0.1%) were compiled, the rest were copied from previous compilation.
           0 functions were new in current compilation
           2 functions had inline decision re-evaluated but remain unchanged
         已完成代码的生成
         YYS_MFC.vcxproj -> C:\Users\user3520\Git_Project\YYS_MFC\YYS_MFC\YYS_MFC\Release\YYS_MFC.exe
     1>已完成生成项目“C:\Users\user3520\Git_Project\YYS_MFC\YYS_MFC\YYS_MFC\YYS_MFC\YYS_MFC.vcxproj”(Build 个目标)的操作。

已成功生成。

已用时间 00:00:04.12
